************* Module affinityJenkins
__init__.py:1: [C0103(invalid-name), ] Invalid module name "affinityJenkins"
************* Module affinityJenkins.compute_highest_affinity
compute_highest_affinity.py:3: [C0303(trailing-whitespace), ] Trailing whitespace
compute_highest_affinity.py:12: [C0303(trailing-whitespace), ] Trailing whitespace
compute_highest_affinity.py:13: [W0311(bad-indentation), ] Bad indentation. Found 2 spaces, expected 4
compute_highest_affinity.py:13: [W0301(unnecessary-semicolon), ] Unnecessary semicolon
compute_highest_affinity.py:14: [W0311(bad-indentation), ] Bad indentation. Found 2 spaces, expected 4
compute_highest_affinity.py:15: [W0311(bad-indentation), ] Bad indentation. Found 2 spaces, expected 4
compute_highest_affinity.py:16: [W0311(bad-indentation), ] Bad indentation. Found 2 spaces, expected 4
compute_highest_affinity.py:16: [W0301(unnecessary-semicolon), ] Unnecessary semicolon
compute_highest_affinity.py:17: [W0311(bad-indentation), ] Bad indentation. Found 2 spaces, expected 4
compute_highest_affinity.py:19: [W0311(bad-indentation), ] Bad indentation. Found 2 spaces, expected 4
compute_highest_affinity.py:20: [W0311(bad-indentation), ] Bad indentation. Found 4 spaces, expected 8
compute_highest_affinity.py:21: [W0311(bad-indentation), ] Bad indentation. Found 4 spaces, expected 8
compute_highest_affinity.py:22: [W0311(bad-indentation), ] Bad indentation. Found 4 spaces, expected 8
compute_highest_affinity.py:23: [W0311(bad-indentation), ] Bad indentation. Found 4 spaces, expected 8
compute_highest_affinity.py:24: [W0311(bad-indentation), ] Bad indentation. Found 4 spaces, expected 8
compute_highest_affinity.py:25: [W0311(bad-indentation), ] Bad indentation. Found 4 spaces, expected 8
compute_highest_affinity.py:26: [W0311(bad-indentation), ] Bad indentation. Found 4 spaces, expected 8
compute_highest_affinity.py:27: [W0311(bad-indentation), ] Bad indentation. Found 4 spaces, expected 8
compute_highest_affinity.py:28: [W0311(bad-indentation), ] Bad indentation. Found 4 spaces, expected 8
compute_highest_affinity.py:29: [W0311(bad-indentation), ] Bad indentation. Found 4 spaces, expected 8
compute_highest_affinity.py:30: [W0311(bad-indentation), ] Bad indentation. Found 4 spaces, expected 8
compute_highest_affinity.py:31: [W0311(bad-indentation), ] Bad indentation. Found 4 spaces, expected 8
compute_highest_affinity.py:32: [W0311(bad-indentation), ] Bad indentation. Found 4 spaces, expected 8
compute_highest_affinity.py:33: [W0311(bad-indentation), ] Bad indentation. Found 4 spaces, expected 8
compute_highest_affinity.py:34: [W0311(bad-indentation), ] Bad indentation. Found 4 spaces, expected 8
compute_highest_affinity.py:35: [W0311(bad-indentation), ] Bad indentation. Found 4 spaces, expected 8
compute_highest_affinity.py:36: [W0311(bad-indentation), ] Bad indentation. Found 4 spaces, expected 8
compute_highest_affinity.py:37: [W0311(bad-indentation), ] Bad indentation. Found 4 spaces, expected 8
compute_highest_affinity.py:38: [W0311(bad-indentation), ] Bad indentation. Found 4 spaces, expected 8
compute_highest_affinity.py:39: [W0311(bad-indentation), ] Bad indentation. Found 4 spaces, expected 8
compute_highest_affinity.py:40: [W0311(bad-indentation), ] Bad indentation. Found 4 spaces, expected 8
compute_highest_affinity.py:41: [W0311(bad-indentation), ] Bad indentation. Found 4 spaces, expected 8
compute_highest_affinity.py:42: [W0311(bad-indentation), ] Bad indentation. Found 4 spaces, expected 8
compute_highest_affinity.py:43: [W0311(bad-indentation), ] Bad indentation. Found 4 spaces, expected 8
compute_highest_affinity.py:44: [W0311(bad-indentation), ] Bad indentation. Found 4 spaces, expected 8
compute_highest_affinity.py:45: [W0311(bad-indentation), ] Bad indentation. Found 4 spaces, expected 8
compute_highest_affinity.py:46: [W0311(bad-indentation), ] Bad indentation. Found 4 spaces, expected 8
compute_highest_affinity.py:47: [W0311(bad-indentation), ] Bad indentation. Found 4 spaces, expected 8
compute_highest_affinity.py:48: [W0311(bad-indentation), ] Bad indentation. Found 4 spaces, expected 8
compute_highest_affinity.py:49: [W0311(bad-indentation), ] Bad indentation. Found 4 spaces, expected 8
compute_highest_affinity.py:50: [W0311(bad-indentation), ] Bad indentation. Found 4 spaces, expected 8
compute_highest_affinity.py:51: [W0311(bad-indentation), ] Bad indentation. Found 4 spaces, expected 8
compute_highest_affinity.py:52: [W0311(bad-indentation), ] Bad indentation. Found 4 spaces, expected 8
compute_highest_affinity.py:53: [W0311(bad-indentation), ] Bad indentation. Found 4 spaces, expected 8
compute_highest_affinity.py:54: [W0311(bad-indentation), ] Bad indentation. Found 4 spaces, expected 8
compute_highest_affinity.py:55: [W0311(bad-indentation), ] Bad indentation. Found 4 spaces, expected 8
compute_highest_affinity.py:56: [W0311(bad-indentation), ] Bad indentation. Found 4 spaces, expected 8
compute_highest_affinity.py:57: [W0311(bad-indentation), ] Bad indentation. Found 4 spaces, expected 8
compute_highest_affinity.py:58: [W0311(bad-indentation), ] Bad indentation. Found 4 spaces, expected 8
compute_highest_affinity.py:59: [W0311(bad-indentation), ] Bad indentation. Found 4 spaces, expected 8
compute_highest_affinity.py:60: [W0311(bad-indentation), ] Bad indentation. Found 4 spaces, expected 8
compute_highest_affinity.py:61: [W0311(bad-indentation), ] Bad indentation. Found 4 spaces, expected 8
compute_highest_affinity.py:62: [W0311(bad-indentation), ] Bad indentation. Found 4 spaces, expected 8
compute_highest_affinity.py:63: [W0311(bad-indentation), ] Bad indentation. Found 4 spaces, expected 8
compute_highest_affinity.py:64: [W0311(bad-indentation), ] Bad indentation. Found 4 spaces, expected 8
compute_highest_affinity.py:65: [W0311(bad-indentation), ] Bad indentation. Found 4 spaces, expected 8
compute_highest_affinity.py:66: [W0311(bad-indentation), ] Bad indentation. Found 4 spaces, expected 8
compute_highest_affinity.py:67: [W0311(bad-indentation), ] Bad indentation. Found 4 spaces, expected 8
compute_highest_affinity.py:68: [W0311(bad-indentation), ] Bad indentation. Found 4 spaces, expected 8
compute_highest_affinity.py:69: [W0311(bad-indentation), ] Bad indentation. Found 4 spaces, expected 8
compute_highest_affinity.py:70: [W0311(bad-indentation), ] Bad indentation. Found 4 spaces, expected 8
compute_highest_affinity.py:71: [W0311(bad-indentation), ] Bad indentation. Found 4 spaces, expected 8
compute_highest_affinity.py:72: [W0311(bad-indentation), ] Bad indentation. Found 4 spaces, expected 8
compute_highest_affinity.py:73: [W0311(bad-indentation), ] Bad indentation. Found 4 spaces, expected 8
compute_highest_affinity.py:74: [W0311(bad-indentation), ] Bad indentation. Found 4 spaces, expected 8
compute_highest_affinity.py:75: [W0311(bad-indentation), ] Bad indentation. Found 4 spaces, expected 8
compute_highest_affinity.py:76: [W0311(bad-indentation), ] Bad indentation. Found 4 spaces, expected 8
compute_highest_affinity.py:77: [W0311(bad-indentation), ] Bad indentation. Found 4 spaces, expected 8
compute_highest_affinity.py:78: [W0311(bad-indentation), ] Bad indentation. Found 4 spaces, expected 8
compute_highest_affinity.py:79: [W0311(bad-indentation), ] Bad indentation. Found 4 spaces, expected 8
compute_highest_affinity.py:80: [W0311(bad-indentation), ] Bad indentation. Found 4 spaces, expected 8
compute_highest_affinity.py:81: [W0311(bad-indentation), ] Bad indentation. Found 4 spaces, expected 8
compute_highest_affinity.py:82: [W0311(bad-indentation), ] Bad indentation. Found 4 spaces, expected 8
compute_highest_affinity.py:83: [W0311(bad-indentation), ] Bad indentation. Found 4 spaces, expected 8
compute_highest_affinity.py:84: [W0311(bad-indentation), ] Bad indentation. Found 4 spaces, expected 8
compute_highest_affinity.py:85: [W0311(bad-indentation), ] Bad indentation. Found 4 spaces, expected 8
compute_highest_affinity.py:86: [W0311(bad-indentation), ] Bad indentation. Found 4 spaces, expected 8
compute_highest_affinity.py:87: [W0311(bad-indentation), ] Bad indentation. Found 4 spaces, expected 8
compute_highest_affinity.py:88: [W0311(bad-indentation), ] Bad indentation. Found 4 spaces, expected 8
compute_highest_affinity.py:89: [W0311(bad-indentation), ] Bad indentation. Found 4 spaces, expected 8
compute_highest_affinity.py:90: [W0311(bad-indentation), ] Bad indentation. Found 4 spaces, expected 8
compute_highest_affinity.py:91: [W0311(bad-indentation), ] Bad indentation. Found 4 spaces, expected 8
compute_highest_affinity.py:92: [W0311(bad-indentation), ] Bad indentation. Found 4 spaces, expected 8
compute_highest_affinity.py:93: [W0311(bad-indentation), ] Bad indentation. Found 4 spaces, expected 8
compute_highest_affinity.py:94: [W0311(bad-indentation), ] Bad indentation. Found 4 spaces, expected 8
compute_highest_affinity.py:95: [W0311(bad-indentation), ] Bad indentation. Found 4 spaces, expected 8
compute_highest_affinity.py:96: [W0311(bad-indentation), ] Bad indentation. Found 4 spaces, expected 8
compute_highest_affinity.py:97: [W0311(bad-indentation), ] Bad indentation. Found 4 spaces, expected 8
compute_highest_affinity.py:98: [W0311(bad-indentation), ] Bad indentation. Found 4 spaces, expected 8
compute_highest_affinity.py:99: [W0311(bad-indentation), ] Bad indentation. Found 4 spaces, expected 8
compute_highest_affinity.py:100: [W0311(bad-indentation), ] Bad indentation. Found 4 spaces, expected 8
compute_highest_affinity.py:101: [W0311(bad-indentation), ] Bad indentation. Found 4 spaces, expected 8
compute_highest_affinity.py:102: [W0311(bad-indentation), ] Bad indentation. Found 4 spaces, expected 8
compute_highest_affinity.py:103: [W0311(bad-indentation), ] Bad indentation. Found 4 spaces, expected 8
compute_highest_affinity.py:104: [W0311(bad-indentation), ] Bad indentation. Found 4 spaces, expected 8
compute_highest_affinity.py:105: [W0311(bad-indentation), ] Bad indentation. Found 4 spaces, expected 8
compute_highest_affinity.py:106: [W0311(bad-indentation), ] Bad indentation. Found 4 spaces, expected 8
compute_highest_affinity.py:107: [W0311(bad-indentation), ] Bad indentation. Found 4 spaces, expected 8
compute_highest_affinity.py:108: [W0311(bad-indentation), ] Bad indentation. Found 4 spaces, expected 8
compute_highest_affinity.py:109: [W0311(bad-indentation), ] Bad indentation. Found 4 spaces, expected 8
compute_highest_affinity.py:110: [W0311(bad-indentation), ] Bad indentation. Found 4 spaces, expected 8
compute_highest_affinity.py:111: [W0311(bad-indentation), ] Bad indentation. Found 4 spaces, expected 8
compute_highest_affinity.py:112: [W0311(bad-indentation), ] Bad indentation. Found 4 spaces, expected 8
compute_highest_affinity.py:113: [W0311(bad-indentation), ] Bad indentation. Found 4 spaces, expected 8
compute_highest_affinity.py:114: [W0311(bad-indentation), ] Bad indentation. Found 4 spaces, expected 8
compute_highest_affinity.py:115: [W0311(bad-indentation), ] Bad indentation. Found 4 spaces, expected 8
compute_highest_affinity.py:116: [W0311(bad-indentation), ] Bad indentation. Found 4 spaces, expected 8
compute_highest_affinity.py:117: [W0311(bad-indentation), ] Bad indentation. Found 4 spaces, expected 8
compute_highest_affinity.py:118: [W0311(bad-indentation), ] Bad indentation. Found 4 spaces, expected 8
compute_highest_affinity.py:119: [W0311(bad-indentation), ] Bad indentation. Found 4 spaces, expected 8
compute_highest_affinity.py:120: [W0311(bad-indentation), ] Bad indentation. Found 4 spaces, expected 8
compute_highest_affinity.py:121: [W0311(bad-indentation), ] Bad indentation. Found 4 spaces, expected 8
compute_highest_affinity.py:122: [W0311(bad-indentation), ] Bad indentation. Found 4 spaces, expected 8
compute_highest_affinity.py:123: [W0311(bad-indentation), ] Bad indentation. Found 4 spaces, expected 8
compute_highest_affinity.py:124: [W0311(bad-indentation), ] Bad indentation. Found 4 spaces, expected 8
compute_highest_affinity.py:125: [W0311(bad-indentation), ] Bad indentation. Found 4 spaces, expected 8
compute_highest_affinity.py:126: [W0311(bad-indentation), ] Bad indentation. Found 4 spaces, expected 8
compute_highest_affinity.py:127: [W0311(bad-indentation), ] Bad indentation. Found 4 spaces, expected 8
compute_highest_affinity.py:128: [W0311(bad-indentation), ] Bad indentation. Found 4 spaces, expected 8
compute_highest_affinity.py:129: [W0311(bad-indentation), ] Bad indentation. Found 4 spaces, expected 8
compute_highest_affinity.py:130: [W0311(bad-indentation), ] Bad indentation. Found 4 spaces, expected 8
compute_highest_affinity.py:131: [W0311(bad-indentation), ] Bad indentation. Found 4 spaces, expected 8
compute_highest_affinity.py:132: [W0311(bad-indentation), ] Bad indentation. Found 4 spaces, expected 8
compute_highest_affinity.py:133: [W0311(bad-indentation), ] Bad indentation. Found 4 spaces, expected 8
compute_highest_affinity.py:134: [W0311(bad-indentation), ] Bad indentation. Found 4 spaces, expected 8
compute_highest_affinity.py:135: [W0311(bad-indentation), ] Bad indentation. Found 4 spaces, expected 8
compute_highest_affinity.py:136: [W0311(bad-indentation), ] Bad indentation. Found 4 spaces, expected 8
compute_highest_affinity.py:137: [W0311(bad-indentation), ] Bad indentation. Found 4 spaces, expected 8
compute_highest_affinity.py:138: [W0311(bad-indentation), ] Bad indentation. Found 4 spaces, expected 8
compute_highest_affinity.py:139: [W0311(bad-indentation), ] Bad indentation. Found 4 spaces, expected 8
compute_highest_affinity.py:140: [W0311(bad-indentation), ] Bad indentation. Found 4 spaces, expected 8
compute_highest_affinity.py:141: [W0311(bad-indentation), ] Bad indentation. Found 4 spaces, expected 8
compute_highest_affinity.py:142: [W0311(bad-indentation), ] Bad indentation. Found 4 spaces, expected 8
compute_highest_affinity.py:143: [W0311(bad-indentation), ] Bad indentation. Found 4 spaces, expected 8
compute_highest_affinity.py:144: [W0311(bad-indentation), ] Bad indentation. Found 4 spaces, expected 8
compute_highest_affinity.py:145: [W0311(bad-indentation), ] Bad indentation. Found 4 spaces, expected 8
compute_highest_affinity.py:146: [W0311(bad-indentation), ] Bad indentation. Found 4 spaces, expected 8
compute_highest_affinity.py:147: [W0311(bad-indentation), ] Bad indentation. Found 4 spaces, expected 8
compute_highest_affinity.py:148: [W0311(bad-indentation), ] Bad indentation. Found 4 spaces, expected 8
compute_highest_affinity.py:149: [W0311(bad-indentation), ] Bad indentation. Found 4 spaces, expected 8
compute_highest_affinity.py:150: [W0311(bad-indentation), ] Bad indentation. Found 4 spaces, expected 8
compute_highest_affinity.py:151: [W0311(bad-indentation), ] Bad indentation. Found 4 spaces, expected 8
compute_highest_affinity.py:152: [W0311(bad-indentation), ] Bad indentation. Found 4 spaces, expected 8
compute_highest_affinity.py:153: [W0311(bad-indentation), ] Bad indentation. Found 4 spaces, expected 8
compute_highest_affinity.py:154: [W0311(bad-indentation), ] Bad indentation. Found 4 spaces, expected 8
compute_highest_affinity.py:155: [W0311(bad-indentation), ] Bad indentation. Found 4 spaces, expected 8
compute_highest_affinity.py:156: [W0311(bad-indentation), ] Bad indentation. Found 4 spaces, expected 8
compute_highest_affinity.py:157: [W0311(bad-indentation), ] Bad indentation. Found 4 spaces, expected 8
compute_highest_affinity.py:158: [W0311(bad-indentation), ] Bad indentation. Found 4 spaces, expected 8
compute_highest_affinity.py:159: [W0311(bad-indentation), ] Bad indentation. Found 4 spaces, expected 8
compute_highest_affinity.py:160: [W0311(bad-indentation), ] Bad indentation. Found 4 spaces, expected 8
compute_highest_affinity.py:161: [W0311(bad-indentation), ] Bad indentation. Found 4 spaces, expected 8
compute_highest_affinity.py:162: [W0311(bad-indentation), ] Bad indentation. Found 4 spaces, expected 8
compute_highest_affinity.py:163: [W0311(bad-indentation), ] Bad indentation. Found 4 spaces, expected 8
compute_highest_affinity.py:164: [W0311(bad-indentation), ] Bad indentation. Found 4 spaces, expected 8
compute_highest_affinity.py:165: [W0311(bad-indentation), ] Bad indentation. Found 4 spaces, expected 8
compute_highest_affinity.py:166: [W0311(bad-indentation), ] Bad indentation. Found 4 spaces, expected 8
compute_highest_affinity.py:167: [W0311(bad-indentation), ] Bad indentation. Found 4 spaces, expected 8
compute_highest_affinity.py:168: [W0311(bad-indentation), ] Bad indentation. Found 4 spaces, expected 8
compute_highest_affinity.py:169: [W0311(bad-indentation), ] Bad indentation. Found 4 spaces, expected 8
compute_highest_affinity.py:170: [W0311(bad-indentation), ] Bad indentation. Found 4 spaces, expected 8
compute_highest_affinity.py:171: [W0311(bad-indentation), ] Bad indentation. Found 4 spaces, expected 8
compute_highest_affinity.py:172: [W0311(bad-indentation), ] Bad indentation. Found 4 spaces, expected 8
compute_highest_affinity.py:173: [W0311(bad-indentation), ] Bad indentation. Found 4 spaces, expected 8
compute_highest_affinity.py:174: [W0311(bad-indentation), ] Bad indentation. Found 4 spaces, expected 8
compute_highest_affinity.py:175: [W0311(bad-indentation), ] Bad indentation. Found 4 spaces, expected 8
compute_highest_affinity.py:176: [W0311(bad-indentation), ] Bad indentation. Found 4 spaces, expected 8
compute_highest_affinity.py:177: [W0311(bad-indentation), ] Bad indentation. Found 4 spaces, expected 8
compute_highest_affinity.py:178: [W0311(bad-indentation), ] Bad indentation. Found 4 spaces, expected 8
compute_highest_affinity.py:179: [W0311(bad-indentation), ] Bad indentation. Found 4 spaces, expected 8
compute_highest_affinity.py:180: [W0311(bad-indentation), ] Bad indentation. Found 4 spaces, expected 8
compute_highest_affinity.py:181: [W0311(bad-indentation), ] Bad indentation. Found 4 spaces, expected 8
compute_highest_affinity.py:182: [W0311(bad-indentation), ] Bad indentation. Found 4 spaces, expected 8
compute_highest_affinity.py:183: [W0311(bad-indentation), ] Bad indentation. Found 4 spaces, expected 8
compute_highest_affinity.py:184: [W0311(bad-indentation), ] Bad indentation. Found 4 spaces, expected 8
compute_highest_affinity.py:185: [W0311(bad-indentation), ] Bad indentation. Found 4 spaces, expected 8
compute_highest_affinity.py:186: [W0311(bad-indentation), ] Bad indentation. Found 4 spaces, expected 8
compute_highest_affinity.py:187: [W0311(bad-indentation), ] Bad indentation. Found 4 spaces, expected 8
compute_highest_affinity.py:188: [W0311(bad-indentation), ] Bad indentation. Found 4 spaces, expected 8
compute_highest_affinity.py:189: [W0311(bad-indentation), ] Bad indentation. Found 4 spaces, expected 8
compute_highest_affinity.py:190: [W0311(bad-indentation), ] Bad indentation. Found 4 spaces, expected 8
compute_highest_affinity.py:191: [W0311(bad-indentation), ] Bad indentation. Found 4 spaces, expected 8
compute_highest_affinity.py:192: [W0311(bad-indentation), ] Bad indentation. Found 4 spaces, expected 8
compute_highest_affinity.py:193: [W0311(bad-indentation), ] Bad indentation. Found 4 spaces, expected 8
compute_highest_affinity.py:194: [W0311(bad-indentation), ] Bad indentation. Found 4 spaces, expected 8
compute_highest_affinity.py:195: [W0311(bad-indentation), ] Bad indentation. Found 4 spaces, expected 8
compute_highest_affinity.py:196: [W0311(bad-indentation), ] Bad indentation. Found 4 spaces, expected 8
compute_highest_affinity.py:197: [W0311(bad-indentation), ] Bad indentation. Found 4 spaces, expected 8
compute_highest_affinity.py:198: [W0311(bad-indentation), ] Bad indentation. Found 4 spaces, expected 8
compute_highest_affinity.py:199: [W0311(bad-indentation), ] Bad indentation. Found 4 spaces, expected 8
compute_highest_affinity.py:200: [W0311(bad-indentation), ] Bad indentation. Found 4 spaces, expected 8
compute_highest_affinity.py:201: [W0311(bad-indentation), ] Bad indentation. Found 4 spaces, expected 8
compute_highest_affinity.py:202: [W0311(bad-indentation), ] Bad indentation. Found 4 spaces, expected 8
compute_highest_affinity.py:203: [W0311(bad-indentation), ] Bad indentation. Found 4 spaces, expected 8
compute_highest_affinity.py:204: [W0311(bad-indentation), ] Bad indentation. Found 4 spaces, expected 8
compute_highest_affinity.py:205: [W0311(bad-indentation), ] Bad indentation. Found 4 spaces, expected 8
compute_highest_affinity.py:206: [W0311(bad-indentation), ] Bad indentation. Found 4 spaces, expected 8
compute_highest_affinity.py:207: [W0311(bad-indentation), ] Bad indentation. Found 4 spaces, expected 8
compute_highest_affinity.py:208: [W0311(bad-indentation), ] Bad indentation. Found 4 spaces, expected 8
compute_highest_affinity.py:209: [W0311(bad-indentation), ] Bad indentation. Found 4 spaces, expected 8
compute_highest_affinity.py:210: [W0311(bad-indentation), ] Bad indentation. Found 4 spaces, expected 8
compute_highest_affinity.py:211: [W0311(bad-indentation), ] Bad indentation. Found 4 spaces, expected 8
compute_highest_affinity.py:212: [W0311(bad-indentation), ] Bad indentation. Found 4 spaces, expected 8
compute_highest_affinity.py:213: [W0311(bad-indentation), ] Bad indentation. Found 4 spaces, expected 8
compute_highest_affinity.py:214: [W0311(bad-indentation), ] Bad indentation. Found 4 spaces, expected 8
compute_highest_affinity.py:215: [W0311(bad-indentation), ] Bad indentation. Found 4 spaces, expected 8
compute_highest_affinity.py:216: [W0311(bad-indentation), ] Bad indentation. Found 4 spaces, expected 8
compute_highest_affinity.py:217: [W0311(bad-indentation), ] Bad indentation. Found 4 spaces, expected 8
compute_highest_affinity.py:218: [W0311(bad-indentation), ] Bad indentation. Found 4 spaces, expected 8
compute_highest_affinity.py:219: [W0311(bad-indentation), ] Bad indentation. Found 4 spaces, expected 8
compute_highest_affinity.py:220: [W0311(bad-indentation), ] Bad indentation. Found 4 spaces, expected 8
compute_highest_affinity.py:221: [W0311(bad-indentation), ] Bad indentation. Found 4 spaces, expected 8
compute_highest_affinity.py:222: [W0311(bad-indentation), ] Bad indentation. Found 4 spaces, expected 8
compute_highest_affinity.py:223: [W0311(bad-indentation), ] Bad indentation. Found 4 spaces, expected 8
compute_highest_affinity.py:224: [W0311(bad-indentation), ] Bad indentation. Found 4 spaces, expected 8
compute_highest_affinity.py:225: [W0311(bad-indentation), ] Bad indentation. Found 4 spaces, expected 8
compute_highest_affinity.py:226: [W0311(bad-indentation), ] Bad indentation. Found 4 spaces, expected 8
compute_highest_affinity.py:227: [W0311(bad-indentation), ] Bad indentation. Found 4 spaces, expected 8
compute_highest_affinity.py:228: [W0311(bad-indentation), ] Bad indentation. Found 4 spaces, expected 8
compute_highest_affinity.py:229: [W0311(bad-indentation), ] Bad indentation. Found 4 spaces, expected 8
compute_highest_affinity.py:230: [W0311(bad-indentation), ] Bad indentation. Found 4 spaces, expected 8
compute_highest_affinity.py:231: [W0311(bad-indentation), ] Bad indentation. Found 4 spaces, expected 8
compute_highest_affinity.py:232: [W0311(bad-indentation), ] Bad indentation. Found 4 spaces, expected 8
compute_highest_affinity.py:233: [W0311(bad-indentation), ] Bad indentation. Found 4 spaces, expected 8
compute_highest_affinity.py:234: [W0311(bad-indentation), ] Bad indentation. Found 4 spaces, expected 8
compute_highest_affinity.py:235: [W0311(bad-indentation), ] Bad indentation. Found 4 spaces, expected 8
compute_highest_affinity.py:236: [W0311(bad-indentation), ] Bad indentation. Found 4 spaces, expected 8
compute_highest_affinity.py:237: [W0311(bad-indentation), ] Bad indentation. Found 4 spaces, expected 8
compute_highest_affinity.py:238: [W0311(bad-indentation), ] Bad indentation. Found 4 spaces, expected 8
compute_highest_affinity.py:239: [W0311(bad-indentation), ] Bad indentation. Found 4 spaces, expected 8
compute_highest_affinity.py:240: [W0311(bad-indentation), ] Bad indentation. Found 4 spaces, expected 8
compute_highest_affinity.py:241: [W0311(bad-indentation), ] Bad indentation. Found 4 spaces, expected 8
compute_highest_affinity.py:242: [W0311(bad-indentation), ] Bad indentation. Found 4 spaces, expected 8
compute_highest_affinity.py:243: [W0311(bad-indentation), ] Bad indentation. Found 4 spaces, expected 8
compute_highest_affinity.py:244: [W0311(bad-indentation), ] Bad indentation. Found 4 spaces, expected 8
compute_highest_affinity.py:245: [W0311(bad-indentation), ] Bad indentation. Found 4 spaces, expected 8
compute_highest_affinity.py:246: [W0311(bad-indentation), ] Bad indentation. Found 4 spaces, expected 8
compute_highest_affinity.py:247: [W0311(bad-indentation), ] Bad indentation. Found 4 spaces, expected 8
compute_highest_affinity.py:248: [W0311(bad-indentation), ] Bad indentation. Found 4 spaces, expected 8
compute_highest_affinity.py:249: [W0311(bad-indentation), ] Bad indentation. Found 4 spaces, expected 8
compute_highest_affinity.py:250: [W0311(bad-indentation), ] Bad indentation. Found 4 spaces, expected 8
compute_highest_affinity.py:251: [W0311(bad-indentation), ] Bad indentation. Found 4 spaces, expected 8
compute_highest_affinity.py:252: [W0311(bad-indentation), ] Bad indentation. Found 4 spaces, expected 8
compute_highest_affinity.py:253: [W0311(bad-indentation), ] Bad indentation. Found 4 spaces, expected 8
compute_highest_affinity.py:254: [W0311(bad-indentation), ] Bad indentation. Found 4 spaces, expected 8
compute_highest_affinity.py:255: [W0311(bad-indentation), ] Bad indentation. Found 4 spaces, expected 8
compute_highest_affinity.py:256: [W0311(bad-indentation), ] Bad indentation. Found 4 spaces, expected 8
compute_highest_affinity.py:257: [W0311(bad-indentation), ] Bad indentation. Found 4 spaces, expected 8
compute_highest_affinity.py:258: [W0311(bad-indentation), ] Bad indentation. Found 4 spaces, expected 8
compute_highest_affinity.py:259: [W0311(bad-indentation), ] Bad indentation. Found 4 spaces, expected 8
compute_highest_affinity.py:260: [W0311(bad-indentation), ] Bad indentation. Found 4 spaces, expected 8
compute_highest_affinity.py:261: [W0311(bad-indentation), ] Bad indentation. Found 4 spaces, expected 8
compute_highest_affinity.py:262: [W0311(bad-indentation), ] Bad indentation. Found 4 spaces, expected 8
compute_highest_affinity.py:263: [W0311(bad-indentation), ] Bad indentation. Found 4 spaces, expected 8
compute_highest_affinity.py:264: [W0311(bad-indentation), ] Bad indentation. Found 4 spaces, expected 8
compute_highest_affinity.py:265: [W0311(bad-indentation), ] Bad indentation. Found 4 spaces, expected 8
compute_highest_affinity.py:266: [W0311(bad-indentation), ] Bad indentation. Found 4 spaces, expected 8
compute_highest_affinity.py:267: [W0311(bad-indentation), ] Bad indentation. Found 4 spaces, expected 8
compute_highest_affinity.py:268: [W0311(bad-indentation), ] Bad indentation. Found 4 spaces, expected 8
compute_highest_affinity.py:269: [W0311(bad-indentation), ] Bad indentation. Found 4 spaces, expected 8
compute_highest_affinity.py:270: [W0311(bad-indentation), ] Bad indentation. Found 4 spaces, expected 8
compute_highest_affinity.py:271: [W0311(bad-indentation), ] Bad indentation. Found 4 spaces, expected 8
compute_highest_affinity.py:272: [W0311(bad-indentation), ] Bad indentation. Found 4 spaces, expected 8
compute_highest_affinity.py:273: [W0311(bad-indentation), ] Bad indentation. Found 4 spaces, expected 8
compute_highest_affinity.py:274: [W0311(bad-indentation), ] Bad indentation. Found 4 spaces, expected 8
compute_highest_affinity.py:275: [W0311(bad-indentation), ] Bad indentation. Found 4 spaces, expected 8
compute_highest_affinity.py:276: [W0311(bad-indentation), ] Bad indentation. Found 4 spaces, expected 8
compute_highest_affinity.py:277: [W0311(bad-indentation), ] Bad indentation. Found 4 spaces, expected 8
compute_highest_affinity.py:278: [W0311(bad-indentation), ] Bad indentation. Found 4 spaces, expected 8
compute_highest_affinity.py:279: [W0311(bad-indentation), ] Bad indentation. Found 4 spaces, expected 8
compute_highest_affinity.py:280: [W0311(bad-indentation), ] Bad indentation. Found 4 spaces, expected 8
compute_highest_affinity.py:281: [W0311(bad-indentation), ] Bad indentation. Found 4 spaces, expected 8
compute_highest_affinity.py:282: [W0311(bad-indentation), ] Bad indentation. Found 4 spaces, expected 8
compute_highest_affinity.py:283: [W0311(bad-indentation), ] Bad indentation. Found 4 spaces, expected 8
compute_highest_affinity.py:284: [W0311(bad-indentation), ] Bad indentation. Found 4 spaces, expected 8
compute_highest_affinity.py:285: [W0311(bad-indentation), ] Bad indentation. Found 4 spaces, expected 8
compute_highest_affinity.py:286: [W0311(bad-indentation), ] Bad indentation. Found 4 spaces, expected 8
compute_highest_affinity.py:287: [W0311(bad-indentation), ] Bad indentation. Found 4 spaces, expected 8
compute_highest_affinity.py:288: [W0311(bad-indentation), ] Bad indentation. Found 4 spaces, expected 8
compute_highest_affinity.py:289: [W0311(bad-indentation), ] Bad indentation. Found 4 spaces, expected 8
compute_highest_affinity.py:290: [W0311(bad-indentation), ] Bad indentation. Found 4 spaces, expected 8
compute_highest_affinity.py:291: [W0311(bad-indentation), ] Bad indentation. Found 4 spaces, expected 8
compute_highest_affinity.py:292: [W0311(bad-indentation), ] Bad indentation. Found 4 spaces, expected 8
compute_highest_affinity.py:293: [W0311(bad-indentation), ] Bad indentation. Found 4 spaces, expected 8
compute_highest_affinity.py:294: [W0311(bad-indentation), ] Bad indentation. Found 4 spaces, expected 8
compute_highest_affinity.py:295: [W0311(bad-indentation), ] Bad indentation. Found 4 spaces, expected 8
compute_highest_affinity.py:296: [W0311(bad-indentation), ] Bad indentation. Found 4 spaces, expected 8
compute_highest_affinity.py:297: [W0311(bad-indentation), ] Bad indentation. Found 4 spaces, expected 8
compute_highest_affinity.py:298: [W0311(bad-indentation), ] Bad indentation. Found 4 spaces, expected 8
compute_highest_affinity.py:299: [W0311(bad-indentation), ] Bad indentation. Found 4 spaces, expected 8
compute_highest_affinity.py:300: [W0311(bad-indentation), ] Bad indentation. Found 4 spaces, expected 8
compute_highest_affinity.py:301: [W0311(bad-indentation), ] Bad indentation. Found 4 spaces, expected 8
compute_highest_affinity.py:302: [W0311(bad-indentation), ] Bad indentation. Found 4 spaces, expected 8
compute_highest_affinity.py:303: [W0311(bad-indentation), ] Bad indentation. Found 4 spaces, expected 8
compute_highest_affinity.py:304: [W0311(bad-indentation), ] Bad indentation. Found 4 spaces, expected 8
compute_highest_affinity.py:305: [W0311(bad-indentation), ] Bad indentation. Found 4 spaces, expected 8
compute_highest_affinity.py:306: [W0311(bad-indentation), ] Bad indentation. Found 4 spaces, expected 8
compute_highest_affinity.py:307: [W0311(bad-indentation), ] Bad indentation. Found 4 spaces, expected 8
compute_highest_affinity.py:308: [W0311(bad-indentation), ] Bad indentation. Found 4 spaces, expected 8
compute_highest_affinity.py:309: [W0311(bad-indentation), ] Bad indentation. Found 4 spaces, expected 8
compute_highest_affinity.py:310: [W0311(bad-indentation), ] Bad indentation. Found 4 spaces, expected 8
compute_highest_affinity.py:311: [W0311(bad-indentation), ] Bad indentation. Found 4 spaces, expected 8
compute_highest_affinity.py:312: [W0311(bad-indentation), ] Bad indentation. Found 4 spaces, expected 8
compute_highest_affinity.py:313: [W0311(bad-indentation), ] Bad indentation. Found 4 spaces, expected 8
compute_highest_affinity.py:314: [W0311(bad-indentation), ] Bad indentation. Found 4 spaces, expected 8
compute_highest_affinity.py:315: [W0311(bad-indentation), ] Bad indentation. Found 4 spaces, expected 8
compute_highest_affinity.py:316: [W0311(bad-indentation), ] Bad indentation. Found 4 spaces, expected 8
compute_highest_affinity.py:317: [W0311(bad-indentation), ] Bad indentation. Found 4 spaces, expected 8
compute_highest_affinity.py:318: [W0311(bad-indentation), ] Bad indentation. Found 4 spaces, expected 8
compute_highest_affinity.py:319: [W0311(bad-indentation), ] Bad indentation. Found 4 spaces, expected 8
compute_highest_affinity.py:320: [W0311(bad-indentation), ] Bad indentation. Found 4 spaces, expected 8
compute_highest_affinity.py:321: [W0311(bad-indentation), ] Bad indentation. Found 4 spaces, expected 8
compute_highest_affinity.py:322: [W0311(bad-indentation), ] Bad indentation. Found 4 spaces, expected 8
compute_highest_affinity.py:323: [W0311(bad-indentation), ] Bad indentation. Found 4 spaces, expected 8
compute_highest_affinity.py:324: [W0311(bad-indentation), ] Bad indentation. Found 4 spaces, expected 8
compute_highest_affinity.py:325: [W0311(bad-indentation), ] Bad indentation. Found 4 spaces, expected 8
compute_highest_affinity.py:326: [W0311(bad-indentation), ] Bad indentation. Found 4 spaces, expected 8
compute_highest_affinity.py:327: [W0311(bad-indentation), ] Bad indentation. Found 4 spaces, expected 8
compute_highest_affinity.py:328: [W0311(bad-indentation), ] Bad indentation. Found 4 spaces, expected 8
compute_highest_affinity.py:329: [W0311(bad-indentation), ] Bad indentation. Found 4 spaces, expected 8
compute_highest_affinity.py:330: [W0311(bad-indentation), ] Bad indentation. Found 4 spaces, expected 8
compute_highest_affinity.py:331: [W0311(bad-indentation), ] Bad indentation. Found 4 spaces, expected 8
compute_highest_affinity.py:332: [W0311(bad-indentation), ] Bad indentation. Found 4 spaces, expected 8
compute_highest_affinity.py:333: [W0311(bad-indentation), ] Bad indentation. Found 4 spaces, expected 8
compute_highest_affinity.py:334: [W0311(bad-indentation), ] Bad indentation. Found 4 spaces, expected 8
compute_highest_affinity.py:335: [W0311(bad-indentation), ] Bad indentation. Found 4 spaces, expected 8
compute_highest_affinity.py:336: [W0311(bad-indentation), ] Bad indentation. Found 4 spaces, expected 8
compute_highest_affinity.py:337: [W0311(bad-indentation), ] Bad indentation. Found 4 spaces, expected 8
compute_highest_affinity.py:338: [W0311(bad-indentation), ] Bad indentation. Found 4 spaces, expected 8
compute_highest_affinity.py:339: [W0311(bad-indentation), ] Bad indentation. Found 4 spaces, expected 8
compute_highest_affinity.py:340: [W0311(bad-indentation), ] Bad indentation. Found 4 spaces, expected 8
compute_highest_affinity.py:341: [W0311(bad-indentation), ] Bad indentation. Found 4 spaces, expected 8
compute_highest_affinity.py:342: [W0311(bad-indentation), ] Bad indentation. Found 4 spaces, expected 8
compute_highest_affinity.py:343: [W0311(bad-indentation), ] Bad indentation. Found 4 spaces, expected 8
compute_highest_affinity.py:344: [W0311(bad-indentation), ] Bad indentation. Found 4 spaces, expected 8
compute_highest_affinity.py:345: [W0311(bad-indentation), ] Bad indentation. Found 4 spaces, expected 8
compute_highest_affinity.py:346: [W0311(bad-indentation), ] Bad indentation. Found 4 spaces, expected 8
compute_highest_affinity.py:347: [W0311(bad-indentation), ] Bad indentation. Found 4 spaces, expected 8
compute_highest_affinity.py:348: [W0311(bad-indentation), ] Bad indentation. Found 4 spaces, expected 8
compute_highest_affinity.py:349: [W0311(bad-indentation), ] Bad indentation. Found 4 spaces, expected 8
compute_highest_affinity.py:350: [W0311(bad-indentation), ] Bad indentation. Found 4 spaces, expected 8
compute_highest_affinity.py:351: [W0311(bad-indentation), ] Bad indentation. Found 4 spaces, expected 8
compute_highest_affinity.py:352: [W0311(bad-indentation), ] Bad indentation. Found 4 spaces, expected 8
compute_highest_affinity.py:353: [W0311(bad-indentation), ] Bad indentation. Found 4 spaces, expected 8
compute_highest_affinity.py:354: [W0311(bad-indentation), ] Bad indentation. Found 4 spaces, expected 8
compute_highest_affinity.py:355: [W0311(bad-indentation), ] Bad indentation. Found 4 spaces, expected 8
compute_highest_affinity.py:356: [W0311(bad-indentation), ] Bad indentation. Found 4 spaces, expected 8
compute_highest_affinity.py:357: [W0311(bad-indentation), ] Bad indentation. Found 4 spaces, expected 8
compute_highest_affinity.py:358: [W0311(bad-indentation), ] Bad indentation. Found 4 spaces, expected 8
compute_highest_affinity.py:359: [W0311(bad-indentation), ] Bad indentation. Found 4 spaces, expected 8
compute_highest_affinity.py:360: [W0311(bad-indentation), ] Bad indentation. Found 4 spaces, expected 8
compute_highest_affinity.py:361: [W0311(bad-indentation), ] Bad indentation. Found 4 spaces, expected 8
compute_highest_affinity.py:362: [W0311(bad-indentation), ] Bad indentation. Found 4 spaces, expected 8
compute_highest_affinity.py:363: [W0311(bad-indentation), ] Bad indentation. Found 4 spaces, expected 8
compute_highest_affinity.py:364: [W0311(bad-indentation), ] Bad indentation. Found 4 spaces, expected 8
compute_highest_affinity.py:365: [W0311(bad-indentation), ] Bad indentation. Found 4 spaces, expected 8
compute_highest_affinity.py:366: [W0311(bad-indentation), ] Bad indentation. Found 4 spaces, expected 8
compute_highest_affinity.py:367: [W0311(bad-indentation), ] Bad indentation. Found 4 spaces, expected 8
compute_highest_affinity.py:368: [W0311(bad-indentation), ] Bad indentation. Found 4 spaces, expected 8
compute_highest_affinity.py:369: [W0311(bad-indentation), ] Bad indentation. Found 4 spaces, expected 8
compute_highest_affinity.py:370: [W0311(bad-indentation), ] Bad indentation. Found 4 spaces, expected 8
compute_highest_affinity.py:371: [W0311(bad-indentation), ] Bad indentation. Found 4 spaces, expected 8
compute_highest_affinity.py:372: [W0311(bad-indentation), ] Bad indentation. Found 4 spaces, expected 8
compute_highest_affinity.py:373: [W0311(bad-indentation), ] Bad indentation. Found 4 spaces, expected 8
compute_highest_affinity.py:374: [W0311(bad-indentation), ] Bad indentation. Found 4 spaces, expected 8
compute_highest_affinity.py:375: [W0311(bad-indentation), ] Bad indentation. Found 4 spaces, expected 8
compute_highest_affinity.py:376: [W0311(bad-indentation), ] Bad indentation. Found 4 spaces, expected 8
compute_highest_affinity.py:377: [W0311(bad-indentation), ] Bad indentation. Found 4 spaces, expected 8
compute_highest_affinity.py:378: [W0311(bad-indentation), ] Bad indentation. Found 4 spaces, expected 8
compute_highest_affinity.py:379: [W0311(bad-indentation), ] Bad indentation. Found 4 spaces, expected 8
compute_highest_affinity.py:380: [W0311(bad-indentation), ] Bad indentation. Found 4 spaces, expected 8
compute_highest_affinity.py:381: [W0311(bad-indentation), ] Bad indentation. Found 4 spaces, expected 8
compute_highest_affinity.py:382: [W0311(bad-indentation), ] Bad indentation. Found 4 spaces, expected 8
compute_highest_affinity.py:383: [W0311(bad-indentation), ] Bad indentation. Found 4 spaces, expected 8
compute_highest_affinity.py:384: [W0311(bad-indentation), ] Bad indentation. Found 4 spaces, expected 8
compute_highest_affinity.py:385: [W0311(bad-indentation), ] Bad indentation. Found 4 spaces, expected 8
compute_highest_affinity.py:386: [W0311(bad-indentation), ] Bad indentation. Found 4 spaces, expected 8
compute_highest_affinity.py:387: [W0311(bad-indentation), ] Bad indentation. Found 4 spaces, expected 8
compute_highest_affinity.py:388: [W0311(bad-indentation), ] Bad indentation. Found 4 spaces, expected 8
compute_highest_affinity.py:389: [W0311(bad-indentation), ] Bad indentation. Found 4 spaces, expected 8
compute_highest_affinity.py:390: [W0311(bad-indentation), ] Bad indentation. Found 4 spaces, expected 8
compute_highest_affinity.py:391: [W0311(bad-indentation), ] Bad indentation. Found 4 spaces, expected 8
compute_highest_affinity.py:392: [W0311(bad-indentation), ] Bad indentation. Found 4 spaces, expected 8
compute_highest_affinity.py:393: [W0311(bad-indentation), ] Bad indentation. Found 4 spaces, expected 8
compute_highest_affinity.py:394: [W0311(bad-indentation), ] Bad indentation. Found 4 spaces, expected 8
compute_highest_affinity.py:395: [W0311(bad-indentation), ] Bad indentation. Found 4 spaces, expected 8
compute_highest_affinity.py:396: [W0311(bad-indentation), ] Bad indentation. Found 4 spaces, expected 8
compute_highest_affinity.py:397: [W0311(bad-indentation), ] Bad indentation. Found 4 spaces, expected 8
compute_highest_affinity.py:398: [W0311(bad-indentation), ] Bad indentation. Found 4 spaces, expected 8
compute_highest_affinity.py:399: [W0311(bad-indentation), ] Bad indentation. Found 4 spaces, expected 8
compute_highest_affinity.py:400: [W0311(bad-indentation), ] Bad indentation. Found 4 spaces, expected 8
compute_highest_affinity.py:401: [W0311(bad-indentation), ] Bad indentation. Found 4 spaces, expected 8
compute_highest_affinity.py:402: [W0311(bad-indentation), ] Bad indentation. Found 4 spaces, expected 8
compute_highest_affinity.py:403: [W0311(bad-indentation), ] Bad indentation. Found 4 spaces, expected 8
compute_highest_affinity.py:404: [W0311(bad-indentation), ] Bad indentation. Found 4 spaces, expected 8
compute_highest_affinity.py:405: [W0311(bad-indentation), ] Bad indentation. Found 4 spaces, expected 8
compute_highest_affinity.py:406: [W0311(bad-indentation), ] Bad indentation. Found 4 spaces, expected 8
compute_highest_affinity.py:407: [W0311(bad-indentation), ] Bad indentation. Found 4 spaces, expected 8
compute_highest_affinity.py:408: [W0311(bad-indentation), ] Bad indentation. Found 4 spaces, expected 8
compute_highest_affinity.py:409: [W0311(bad-indentation), ] Bad indentation. Found 4 spaces, expected 8
compute_highest_affinity.py:410: [W0311(bad-indentation), ] Bad indentation. Found 4 spaces, expected 8
compute_highest_affinity.py:411: [W0311(bad-indentation), ] Bad indentation. Found 4 spaces, expected 8
compute_highest_affinity.py:412: [W0311(bad-indentation), ] Bad indentation. Found 4 spaces, expected 8
compute_highest_affinity.py:413: [W0311(bad-indentation), ] Bad indentation. Found 4 spaces, expected 8
compute_highest_affinity.py:414: [W0311(bad-indentation), ] Bad indentation. Found 4 spaces, expected 8
compute_highest_affinity.py:415: [W0311(bad-indentation), ] Bad indentation. Found 4 spaces, expected 8
compute_highest_affinity.py:416: [W0311(bad-indentation), ] Bad indentation. Found 4 spaces, expected 8
compute_highest_affinity.py:417: [W0311(bad-indentation), ] Bad indentation. Found 4 spaces, expected 8
compute_highest_affinity.py:418: [W0311(bad-indentation), ] Bad indentation. Found 4 spaces, expected 8
compute_highest_affinity.py:419: [W0311(bad-indentation), ] Bad indentation. Found 4 spaces, expected 8
compute_highest_affinity.py:420: [W0311(bad-indentation), ] Bad indentation. Found 4 spaces, expected 8
compute_highest_affinity.py:421: [W0311(bad-indentation), ] Bad indentation. Found 4 spaces, expected 8
compute_highest_affinity.py:422: [W0311(bad-indentation), ] Bad indentation. Found 4 spaces, expected 8
compute_highest_affinity.py:423: [W0311(bad-indentation), ] Bad indentation. Found 4 spaces, expected 8
compute_highest_affinity.py:424: [W0311(bad-indentation), ] Bad indentation. Found 4 spaces, expected 8
compute_highest_affinity.py:425: [W0311(bad-indentation), ] Bad indentation. Found 4 spaces, expected 8
compute_highest_affinity.py:426: [W0311(bad-indentation), ] Bad indentation. Found 4 spaces, expected 8
compute_highest_affinity.py:427: [W0311(bad-indentation), ] Bad indentation. Found 4 spaces, expected 8
compute_highest_affinity.py:428: [W0311(bad-indentation), ] Bad indentation. Found 4 spaces, expected 8
compute_highest_affinity.py:429: [W0311(bad-indentation), ] Bad indentation. Found 4 spaces, expected 8
compute_highest_affinity.py:430: [W0311(bad-indentation), ] Bad indentation. Found 4 spaces, expected 8
compute_highest_affinity.py:431: [W0311(bad-indentation), ] Bad indentation. Found 4 spaces, expected 8
compute_highest_affinity.py:432: [W0311(bad-indentation), ] Bad indentation. Found 4 spaces, expected 8
compute_highest_affinity.py:433: [W0311(bad-indentation), ] Bad indentation. Found 4 spaces, expected 8
compute_highest_affinity.py:434: [W0311(bad-indentation), ] Bad indentation. Found 4 spaces, expected 8
compute_highest_affinity.py:435: [W0311(bad-indentation), ] Bad indentation. Found 4 spaces, expected 8
compute_highest_affinity.py:436: [W0311(bad-indentation), ] Bad indentation. Found 4 spaces, expected 8
compute_highest_affinity.py:437: [W0311(bad-indentation), ] Bad indentation. Found 4 spaces, expected 8
compute_highest_affinity.py:438: [W0311(bad-indentation), ] Bad indentation. Found 4 spaces, expected 8
compute_highest_affinity.py:439: [W0311(bad-indentation), ] Bad indentation. Found 4 spaces, expected 8
compute_highest_affinity.py:441: [W0311(bad-indentation), ] Bad indentation. Found 2 spaces, expected 4
compute_highest_affinity.py:442: [W0311(bad-indentation), ] Bad indentation. Found 4 spaces, expected 8
compute_highest_affinity.py:444: [W0311(bad-indentation), ] Bad indentation. Found 4 spaces, expected 8
compute_highest_affinity.py:445: [W0311(bad-indentation), ] Bad indentation. Found 6 spaces, expected 12
compute_highest_affinity.py:445: [C0325(superfluous-parens), ] Unnecessary parens after 'if' keyword
compute_highest_affinity.py:446: [W0311(bad-indentation), ] Bad indentation. Found 8 spaces, expected 16
compute_highest_affinity.py:447: [W0311(bad-indentation), ] Bad indentation. Found 10 spaces, expected 20
compute_highest_affinity.py:448: [W0311(bad-indentation), ] Bad indentation. Found 10 spaces, expected 20
compute_highest_affinity.py:448: [C0325(superfluous-parens), ] Unnecessary parens after 'if' keyword
compute_highest_affinity.py:449: [W0311(bad-indentation), ] Bad indentation. Found 12 spaces, expected 24
compute_highest_affinity.py:450: [W0311(bad-indentation), ] Bad indentation. Found 10 spaces, expected 20
compute_highest_affinity.py:451: [W0311(bad-indentation), ] Bad indentation. Found 12 spaces, expected 24
compute_highest_affinity.py:452: [W0311(bad-indentation), ] Bad indentation. Found 10 spaces, expected 20
compute_highest_affinity.py:453: [W0311(bad-indentation), ] Bad indentation. Found 12 spaces, expected 24
compute_highest_affinity.py:454: [W0311(bad-indentation), ] Bad indentation. Found 10 spaces, expected 20
compute_highest_affinity.py:455: [W0311(bad-indentation), ] Bad indentation. Found 12 spaces, expected 24
compute_highest_affinity.py:456: [W0311(bad-indentation), ] Bad indentation. Found 10 spaces, expected 20
compute_highest_affinity.py:457: [W0311(bad-indentation), ] Bad indentation. Found 12 spaces, expected 24
compute_highest_affinity.py:458: [W0311(bad-indentation), ] Bad indentation. Found 12 spaces, expected 24
compute_highest_affinity.py:459: [W0311(bad-indentation), ] Bad indentation. Found 6 spaces, expected 12
compute_highest_affinity.py:460: [W0311(bad-indentation), ] Bad indentation. Found 4 spaces, expected 8
compute_highest_affinity.py:461: [W0311(bad-indentation), ] Bad indentation. Found 6 spaces, expected 12
compute_highest_affinity.py:462: [W0311(bad-indentation), ] Bad indentation. Found 4 spaces, expected 8
compute_highest_affinity.py:463: [C0303(trailing-whitespace), ] Trailing whitespace
compute_highest_affinity.py:464: [W0311(bad-indentation), ] Bad indentation. Found 2 spaces, expected 4
compute_highest_affinity.py:1: [C0111(missing-docstring), ] Missing module docstring
compute_highest_affinity.py:9: [C0111(missing-docstring), highest_affinity] Missing function docstring
compute_highest_affinity.py:19: [W0125(using-constant-test), highest_affinity] Using a conditional statement with a constant value
compute_highest_affinity.py:9: [W0613(unused-argument), highest_affinity] Unused argument 'time_list'
compute_highest_affinity.py:9: [R0915(too-many-statements), highest_affinity] Too many statements (446/50)
************* Module affinityJenkins.test.controlled_tests
test/controlled_tests.py:1: [C0111(missing-docstring), ] Missing module docstring
test/controlled_tests.py:4: [C0111(missing-docstring), ControlledTests] Missing class docstring
test/controlled_tests.py:5: [C0111(missing-docstring), ControlledTests.test1] Missing method docstring


Report
======
456 statements analysed.

Statistics by type
------------------

+---------+-------+-----------+-----------+------------+---------+
|type     |number |old number |difference |%documented |%badname |
+=========+=======+===========+===========+============+=========+
|module   |4      |4          |=          |50.00       |25.00    |
+---------+-------+-----------+-----------+------------+---------+
|class    |1      |1          |=          |0.00        |0.00     |
+---------+-------+-----------+-----------+------------+---------+
|method   |1      |1          |=          |0.00        |0.00     |
+---------+-------+-----------+-----------+------------+---------+
|function |1      |1          |=          |0.00        |0.00     |
+---------+-------+-----------+-----------+------------+---------+



External dependencies
---------------------
::

    affinityJenkins 
      \-compute_highest_affinity (affinityJenkins.test.controlled_tests)



Raw metrics
-----------

+----------+-------+------+---------+-----------+
|type      |number |%     |previous |difference |
+==========+=======+======+=========+===========+
|code      |461    |96.04 |461      |=          |
+----------+-------+------+---------+-----------+
|docstring |0      |0.00  |0        |=          |
+----------+-------+------+---------+-----------+
|comment   |8      |1.67  |8        |=          |
+----------+-------+------+---------+-----------+
|empty     |11     |2.29  |11       |=          |
+----------+-------+------+---------+-----------+



Duplication
-----------

+-------------------------+------+---------+-----------+
|                         |now   |previous |difference |
+=========================+======+=========+===========+
|nb duplicated lines      |0     |0        |=          |
+-------------------------+------+---------+-----------+
|percent duplicated lines |0.000 |0.000    |=          |
+-------------------------+------+---------+-----------+



Messages by category
--------------------

+-----------+-------+---------+-----------+
|type       |number |previous |difference |
+===========+=======+=========+===========+
|convention |11     |11       |=          |
+-----------+-------+---------+-----------+
|refactor   |1      |1        |=          |
+-----------+-------+---------+-----------+
|warning    |452    |452      |=          |
+-----------+-------+---------+-----------+
|error      |0      |0        |=          |
+-----------+-------+---------+-----------+



% errors / warnings by module
-----------------------------

+-----------------------------------------+------+--------+---------+-----------+
|module                                   |error |warning |refactor |convention |
+=========================================+======+========+=========+===========+
|affinityJenkins.compute_highest_affinity |0.00  |100.00  |100.00   |63.64      |
+-----------------------------------------+------+--------+---------+-----------+
|affinityJenkins.test.controlled_tests    |0.00  |0.00    |0.00     |27.27      |
+-----------------------------------------+------+--------+---------+-----------+
|affinityJenkins                          |0.00  |0.00    |0.00     |9.09       |
+-----------------------------------------+------+--------+---------+-----------+



Messages
--------

+----------------------+------------+
|message id            |occurrences |
+======================+============+
|bad-indentation       |448         |
+----------------------+------------+
|missing-docstring     |5           |
+----------------------+------------+
|trailing-whitespace   |3           |
+----------------------+------------+
|unnecessary-semicolon |2           |
+----------------------+------------+
|superfluous-parens    |2           |
+----------------------+------------+
|using-constant-test   |1           |
+----------------------+------------+
|unused-argument       |1           |
+----------------------+------------+
|too-many-statements   |1           |
+----------------------+------------+
|invalid-name          |1           |
+----------------------+------------+



Global evaluation
-----------------
Your code has been rated at -0.18/10 (previous run: -0.18/10, +0.00)

